
> Configure project :cosext
WARNING: API 'variant.getJavaCompile()' is obsolete and has been replaced with 'variant.getJavaCompileProvider()'.
It will be removed at the end of 2019.
For more information, see https://d.android.com/r/tools/task-configuration-avoidance.
To determine what is calling variant.getJavaCompile(), use -Pandroid.debug.obsoleteApi=true on the command line to display more information.

> Configure project :cosxml
Granting permissions
System envs region are :
""
WARNING: The specified Android SDK Build Tools version (28.0.2) is ignored, as it is below the minimum supported version (28.0.3) for Android Gradle Plugin 3.4.1.
Android SDK Build Tools 28.0.3 will be used.
To suppress this warning, remove "buildToolsVersion '28.0.2'" from your build.gradle file, as each version of the Android Gradle Plugin now has a default version of the build tools.

> Task :quic:externalNativeBuildCleanDebug
Clean tnetquic armeabi-v7a,costquic armeabi-v7a
Cleaning... 3 files.
Clean costquic arm64-v8a,tnetquic arm64-v8a
Cleaning... 3 files.

> Task :quic:externalNativeBuildCleanRelease
Clean tnetquic armeabi-v7a,costquic armeabi-v7a
Cleaning... 0 files.
Clean costquic arm64-v8a,tnetquic arm64-v8a
Cleaning... 0 files.

> Task :xmlAnnoation:compileJava

> Task :xmlCompiler:compileJava

> Task :mtaUtils:processDebugManifest
/Users/rickenwang/develop/tencent/QCloudAndroid/library/QCloudCosXml/mtaUtils/src/main/AndroidManifest.xml:28:9-30:35 Warning:
	meta-data#TA_APPKEY was tagged at AndroidManifest.xml:28 to remove other declarations but no other declaration present
/Users/rickenwang/develop/tencent/QCloudAndroid/library/QCloudCosXml/mtaUtils/src/main/AndroidManifest.xml:32:9-34:35 Warning:
	meta-data#InstallChannel was tagged at AndroidManifest.xml:32 to remove other declarations but no other declaration present

> Task :foundation:compileDebugJavaWithJavac

> Task :cosxml:compileNormalDebugJavaWithJavac
Gradle may disable incremental compilation as the following annotation processors are not incremental: xmlCompiler.jar (project :xmlCompiler).
Consider setting the experimental feature flag android.enableSeparateAnnotationProcessing=true in the gradle.properties file to run annotation processing in a separate task and make compilation incremental.

> Task :cosxml:compileNormalDebugAndroidTestJavaWithJavac

> Task :quic:externalNativeBuildDebug
Build costquic arm64-v8a
[1/3] Building CXX object CMakeFiles/costquic.dir/src/main/cpp/main.cpp.o
[2/3] Building CXX object CMakeFiles/costquic.dir/src/main/cpp/COSQuic.cpp.o
[3/3] Linking CXX shared library ../../../../build/intermediates/cmake/debug/obj/arm64-v8a/libcostquic.so
Build costquic armeabi-v7a
[1/3] Building CXX object CMakeFiles/costquic.dir/src/main/cpp/main.cpp.o
[2/3] Building CXX object CMakeFiles/costquic.dir/src/main/cpp/COSQuic.cpp.o
[3/3] Linking CXX shared library ../../../../build/intermediates/cmake/debug/obj/armeabi-v7a/libcostquic.so

> Task :cosxml:connectedNormalDebugAndroidTest FAILED

Deprecated Gradle features were used in this build, making it incompatible with Gradle 6.0.
Use '--warning-mode all' to show the individual deprecation warnings.
See https://docs.gradle.org/5.2/userguide/command_line_interface.html#sec:command_line_warnings
144 actionable tasks: 133 executed, 11 up-to-date
